<?xml version="1.0" encoding="UTF-8"?>
<!-- Generated by org.testng.reporters.JUnitXMLReporter -->
<testsuite ignored="0" hostname="Md-Nazmul-Islam" failures="0" tests="3" name="Default test" time="0.026" errors="0" timestamp="2021-12-20T12:02:54 EST">
  <testcase classname="othersCoding.GroupTest" name="createUser" time="0.004"/>
  <testcase classname="othersCoding.GroupTest" name="deletUser" time="0.0"/>
  <testcase classname="othersCoding.GroupTest" name="editUser" time="0.001"/>
</testsuite> <!-- Default test -->
