<?xml version="1.0" encoding="UTF-8"?>
<!-- Generated by org.testng.reporters.JUnitXMLReporter -->
<testsuite ignored="3" hostname="Md-Nazmul-Islam" failures="0" tests="0" time="0.005" errors="0" timestamp="2021-12-20T11:58:58 EST">
  <testcase classname="othersCoding.AppDemo" name="deletUser" time="0.0">
    <ignored/>
  </testcase> <!-- deletUser -->
  <testcase classname="othersCoding.AppDemo" name="createUser" time="0.0">
    <ignored/>
  </testcase> <!-- createUser -->
  <testcase classname="othersCoding.AppDemo" name="editUser" time="0.0">
    <ignored/>
  </testcase> <!-- editUser -->
</testsuite>
